<?xml version="1.0" encoding="UTF-8"?>
<testsuite name="TestSuite" time="2.583" tests="4" errors="0" skipped="3" failures="0">
  <properties>
    <property name="java.runtime.name" value="Java(TM) SE Runtime Environment"/>
    <property name="sun.boot.library.path" value="E:\Selenium Training by Jitendra\Tools\Java\jdk1.8.0_101\jre\bin"/>
    <property name="java.vm.version" value="25.101-b13"/>
    <property name="java.vm.vendor" value="Oracle Corporation"/>
    <property name="maven.multiModuleProjectDirectory" value="E:\Selenium Training by Jitendra\Practicals\SeleniumPracticals\MavenSampleFramWork"/>
    <property name="java.vendor.url" value="http://java.oracle.com/"/>
    <property name="path.separator" value=";"/>
    <property name="guice.disable.misplaced.annotation.check" value="true"/>
    <property name="java.vm.name" value="Java HotSpot(TM) 64-Bit Server VM"/>
    <property name="file.encoding.pkg" value="sun.io"/>
    <property name="user.script" value=""/>
    <property name="user.country" value="US"/>
    <property name="sun.java.launcher" value="SUN_STANDARD"/>
    <property name="sun.os.patch.level" value=""/>
    <property name="java.vm.specification.name" value="Java Virtual Machine Specification"/>
    <property name="user.dir" value="E:\Selenium Training by Jitendra\Practicals\SeleniumPracticals\MavenSampleFramWork"/>
    <property name="java.runtime.version" value="1.8.0_101-b13"/>
    <property name="java.awt.graphicsenv" value="sun.awt.Win32GraphicsEnvironment"/>
    <property name="java.endorsed.dirs" value="E:\Selenium Training by Jitendra\Tools\Java\jdk1.8.0_101\jre\lib\endorsed"/>
    <property name="os.arch" value="amd64"/>
    <property name="java.io.tmpdir" value="C:\Users\sai115\AppData\Local\Temp\"/>
    <property name="line.separator" value="&#10;"/>
    <property name="java.vm.specification.vendor" value="Oracle Corporation"/>
    <property name="user.variant" value=""/>
    <property name="os.name" value="Windows 10"/>
    <property name="classworlds.conf" value="E:\Selenium Training by Jitendra\Practicals\SeleniumPracticals\.metadata\.plugins\org.eclipse.m2e.launching\launches\m2conf7651084555855352243.tmp"/>
    <property name="sun.jnu.encoding" value="Cp1252"/>
    <property name="java.library.path" value="E:\Selenium Training by Jitendra\Tools\Java\jdk1.8.0_101\bin;C:\WINDOWS\Sun\Java\bin;C:\WINDOWS\system32;C:\WINDOWS;E:/Selenium Training by Jitendra/Tools/Java/jdk1.8.0_101/bin/../jre/bin/server;E:/Selenium Training by Jitendra/Tools/Java/jdk1.8.0_101/bin/../jre/bin;E:/Selenium Training by Jitendra/Tools/Java/jdk1.8.0_101/bin/../jre/lib/amd64;C:\oraclexe\app\oracle\product\11.2.0\server\bin;C:\app\sai115\product\11.2.0\dbhome_1\bin;c:\Program Files (x86)\Intel\iCLS Client\;c:\Program Files\Intel\iCLS Client\;C:\windows\system32;C:\windows\System32\Wbem;C:\windows\System32\WindowsPowerShell\v1.0\;C:\Program Files\Intel\Intel(R) Management Engine Components\DAL;C:\Program Files\Intel\Intel(R) Management Engine Components\IPT;C:\Program Files (x86)\Intel\Intel(R) Management Engine Components\DAL;C:\Program Files (x86)\Intel\Intel(R) Management Engine Components\IPT;C:\Program Files\Intel\WiFi\bin\;C:\Program Files\Common Files\Intel\WirelessCommon\;C:\Program Files (x86)\Windows Live\Shared;C:\Users\sai115\AppData\Local\Smartbar\Application\;C:\apache-ant-1.7.1\bin;C:\Program Files\Microsoft SQL Server\110\DTS\Binn\;C:\Program Files (x86)\Microsoft SQL Server\110\Tools\Binn\;C:\Program Files\Microsoft SQL Server\110\Tools\Binn\;C:\Program Files (x86)\Microsoft SQL Server\110\Tools\Binn\ManagementStudio\;C:\Program Files (x86)\Microsoft Visual Studio 10.0\Common7\IDE\PrivateAssemblies\;C:\Program Files (x86)\Microsoft SQL Server\110\DTS\Binn\;C:\WINDOWS\system32;C:\WINDOWS;C:\WINDOWS\System32\Wbem;C:\WINDOWS\System32\WindowsPowerShell\v1.0\;C:\Program Files (x86)\Skype\Phone\;E:\Selenium Training by Jitendra\Tools\Java\jdk1.8.0_101\bin;C:\Users\sai115\AppData\Local\Microsoft\WindowsApps;E:\Selenium Training by Jitendra\Tools\apache-maven-3.3.9\bin;C:\Users\sai115\Downloads\eclipse-jee-mars-2-win32-x86_64\eclipse;;."/>
    <property name="java.specification.name" value="Java Platform API Specification"/>
    <property name="java.class.version" value="52.0"/>
    <property name="sun.management.compiler" value="HotSpot 64-Bit Tiered Compilers"/>
    <property name="os.version" value="10.0"/>
    <property name="user.home" value="C:\Users\sai115"/>
    <property name="user.timezone" value="America/New_York"/>
    <property name="java.awt.printerjob" value="sun.awt.windows.WPrinterJob"/>
    <property name="java.specification.version" value="1.8"/>
    <property name="file.encoding" value="Cp1252"/>
    <property name="user.name" value="sai115"/>
    <property name="java.class.path" value="/C:/Users/sai115/Downloads/eclipse-jee-mars-2-win32-x86_64/eclipse/plugins/org.eclipse.m2e.maven.runtime_1.6.2.20150902-0001/jars/plexus-classworlds-2.5.2.jar"/>
    <property name="java.vm.specification.version" value="1.8"/>
    <property name="sun.arch.data.model" value="64"/>
    <property name="java.home" value="E:\Selenium Training by Jitendra\Tools\Java\jdk1.8.0_101\jre"/>
    <property name="sun.java.command" value="org.codehaus.plexus.classworlds.launcher.Launcher -B test"/>
    <property name="java.specification.vendor" value="Oracle Corporation"/>
    <property name="user.language" value="en"/>
    <property name="awt.toolkit" value="sun.awt.windows.WToolkit"/>
    <property name="java.vm.info" value="mixed mode"/>
    <property name="java.version" value="1.8.0_101"/>
    <property name="java.ext.dirs" value="E:\Selenium Training by Jitendra\Tools\Java\jdk1.8.0_101\jre\lib\ext;C:\WINDOWS\Sun\Java\lib\ext"/>
    <property name="sun.boot.class.path" value="E:\Selenium Training by Jitendra\Tools\Java\jdk1.8.0_101\jre\lib\resources.jar;E:\Selenium Training by Jitendra\Tools\Java\jdk1.8.0_101\jre\lib\rt.jar;E:\Selenium Training by Jitendra\Tools\Java\jdk1.8.0_101\jre\lib\sunrsasign.jar;E:\Selenium Training by Jitendra\Tools\Java\jdk1.8.0_101\jre\lib\jsse.jar;E:\Selenium Training by Jitendra\Tools\Java\jdk1.8.0_101\jre\lib\jce.jar;E:\Selenium Training by Jitendra\Tools\Java\jdk1.8.0_101\jre\lib\charsets.jar;E:\Selenium Training by Jitendra\Tools\Java\jdk1.8.0_101\jre\lib\jfr.jar;E:\Selenium Training by Jitendra\Tools\Java\jdk1.8.0_101\jre\classes"/>
    <property name="java.vendor" value="Oracle Corporation"/>
    <property name="maven.home" value="E:\Selenium Training by Jitendra\Practicals\SeleniumPracticals\MavenSampleFramWork\EMBEDDED"/>
    <property name="file.separator" value="\"/>
    <property name="java.vendor.url.bug" value="http://bugreport.sun.com/bugreport/"/>
    <property name="sun.cpu.endian" value="little"/>
    <property name="sun.io.unicode.encoding" value="UnicodeLittle"/>
    <property name="sun.desktop" value="windows"/>
    <property name="sun.cpu.isalist" value="amd64"/>
  </properties>
  <testcase name="verifyHomePage" classname="in.jsoft.newtours.testscripts.OpenBrowser" time="2.583"/>
  <testcase name="verifyHomePage" classname="in.jsoft.newtours.testscripts.AllTestCases" time="0">
    <skipped/>
  </testcase>
  <testcase name="verifyRegistrationPage" classname="in.jsoft.newtours.testscripts.AllTestCases" time="0">
    <skipped/>
  </testcase>
  <testcase name="verifySignOn" classname="in.jsoft.newtours.testscripts.AllTestCases" time="0">
    <skipped/>
  </testcase>
</testsuite>