<?xml version="1.0" encoding="UTF-8"?>
<!-- Generated by org.testng.reporters.JUnitReportReporter -->
<testsuite skipped="1" hostname="SAIAASHRITH" name="in.jsoft.newtours.testscripts.AllTestCases" tests="1" failures="0" timestamp="29 Nov 2016 01:18:51 GMT" time="0.000" errors="0">
  <testcase name="verifyHomePage" time="0.000" classname="in.jsoft.newtours.testscripts.AllTestCases">
    <skipped/>
  </testcase> <!-- verifyHomePage -->
</testsuite> <!-- in.jsoft.newtours.testscripts.AllTestCases -->
