<?xml version="1.0" encoding="UTF-8"?>
<!-- Generated by org.testng.reporters.JUnitReportReporter -->
<testsuite skipped="0" hostname="SAIAASHRITH" name="in.jsoft.newtours.testscripts.OpenBrowser" tests="1" failures="0" timestamp="23 Nov 2016 17:14:26 GMT" time="17.691" errors="0">
  <testcase name="verifyHomePage" time="17.691" classname="in.jsoft.newtours.testscripts.OpenBrowser"/>
</testsuite> <!-- in.jsoft.newtours.testscripts.OpenBrowser -->
