<?xml version="1.0" encoding="UTF-8"?>
<!-- Generated by org.testng.reporters.JUnitReportReporter -->
<testsuite skipped="0" hostname="SAIAASHRITH" name="in.jsoft.newtours.utility.TestDataProvider" tests="3" failures="0" timestamp="29 Nov 2016 01:13:20 GMT" time="0.024" errors="0">
  <testcase name="verifyRegistrationPage" time="0.003" classname="in.jsoft.newtours.utility.TestDataProvider"/>
  <testcase name="verifyRegistrationPage" time="0.016" classname="in.jsoft.newtours.utility.TestDataProvider"/>
  <testcase name="verifyRegistrationPage" time="0.005" classname="in.jsoft.newtours.utility.TestDataProvider"/>
</testsuite> <!-- in.jsoft.newtours.utility.TestDataProvider -->
